<?xml version="1.0" encoding="UTF-8"?>
<coverage generated="1543839134421" clover="3.2.0">
  <project timestamp="1543839134421" name="All files">
    <metrics statements="136" coveredstatements="136" conditionals="2" coveredconditionals="2" methods="43" coveredmethods="43" elements="181" coveredelements="181" complexity="0" loc="136" ncloc="136" packages="2" files="4" classes="4">
      <package name="bedenkog-local-news-users">
        <metrics statements="55" coveredstatements="55" conditionals="2" coveredconditionals="2" methods="8" coveredmethods="8"/>
        <file name="users-api.js" path="/home/genaro/Desktop/340CT/bedenkog-local-news-users/users-api.js">
          <metrics statements="55" coveredstatements="55" conditionals="2" coveredconditionals="2" methods="8" coveredmethods="8"/>
          <line num="5" count="1" type="stmt"/>
          <line num="8" count="1" type="stmt"/>
          <line num="9" count="1" type="stmt"/>
          <line num="10" count="1" type="stmt"/>
          <line num="13" count="1" type="stmt"/>
          <line num="14" count="1" type="stmt"/>
          <line num="15" count="1" type="stmt"/>
          <line num="18" count="1" type="stmt"/>
          <line num="21" count="1" type="stmt"/>
          <line num="24" count="1" type="stmt"/>
          <line num="25" count="1" type="stmt"/>
          <line num="28" count="1" type="stmt"/>
          <line num="29" count="12" type="stmt"/>
          <line num="30" count="12" type="stmt"/>
          <line num="31" count="12" type="stmt"/>
          <line num="35" count="1" type="stmt"/>
          <line num="38" count="2" type="stmt"/>
          <line num="41" count="2" type="stmt"/>
          <line num="44" count="2" type="stmt"/>
          <line num="45" count="2" type="stmt"/>
          <line num="49" count="1" type="stmt"/>
          <line num="54" count="2" type="stmt"/>
          <line num="57" count="2" type="stmt"/>
          <line num="60" count="2" type="stmt"/>
          <line num="62" count="2" type="cond" truecount="2" falsecount="0"/>
          <line num="65" count="1" type="stmt"/>
          <line num="66" count="1" type="stmt"/>
          <line num="71" count="1" type="stmt"/>
          <line num="72" count="1" type="stmt"/>
          <line num="75" count="2" type="stmt"/>
          <line num="76" count="2" type="stmt"/>
          <line num="80" count="1" type="stmt"/>
          <line num="83" count="2" type="stmt"/>
          <line num="86" count="2" type="stmt"/>
          <line num="89" count="2" type="stmt"/>
          <line num="90" count="2" type="stmt"/>
          <line num="94" count="1" type="stmt"/>
          <line num="97" count="2" type="stmt"/>
          <line num="100" count="2" type="stmt"/>
          <line num="103" count="2" type="stmt"/>
          <line num="104" count="2" type="stmt"/>
          <line num="108" count="1" type="stmt"/>
          <line num="111" count="2" type="stmt"/>
          <line num="114" count="2" type="stmt"/>
          <line num="117" count="2" type="stmt"/>
          <line num="118" count="2" type="stmt"/>
          <line num="122" count="1" type="stmt"/>
          <line num="125" count="2" type="stmt"/>
          <line num="128" count="2" type="stmt"/>
          <line num="131" count="2" type="stmt"/>
          <line num="132" count="2" type="stmt"/>
          <line num="136" count="1" type="stmt"/>
          <line num="137" count="1" type="stmt"/>
          <line num="140" count="1" type="stmt"/>
          <line num="143" count="1" type="stmt"/>
        </file>
      </package>
      <package name="bedenkog-local-news-users.modules">
        <metrics statements="81" coveredstatements="81" conditionals="0" coveredconditionals="0" methods="35" coveredmethods="35"/>
        <file name="authentication.js" path="/home/genaro/Desktop/340CT/bedenkog-local-news-users/modules/authentication.js">
          <metrics statements="7" coveredstatements="7" conditionals="0" coveredconditionals="0" methods="1" coveredmethods="1"/>
          <line num="3" count="2" type="stmt"/>
          <line num="6" count="2" type="stmt"/>
          <line num="8" count="2" type="stmt"/>
          <line num="11" count="1" type="stmt"/>
          <line num="14" count="1" type="stmt"/>
          <line num="17" count="1" type="stmt"/>
          <line num="20" count="1" type="stmt"/>
        </file>
        <file name="users-controller.js" path="/home/genaro/Desktop/340CT/bedenkog-local-news-users/modules/users-controller.js">
          <metrics statements="31" coveredstatements="31" conditionals="0" coveredconditionals="0" methods="10" coveredmethods="10"/>
          <line num="3" count="3" type="stmt"/>
          <line num="4" count="3" type="stmt"/>
          <line num="6" count="3" type="stmt"/>
          <line num="9" count="3" type="stmt"/>
          <line num="11" count="1" type="stmt"/>
          <line num="12" count="1" type="stmt"/>
          <line num="13" count="1" type="stmt"/>
          <line num="15" count="1" type="stmt"/>
          <line num="16" count="1" type="stmt"/>
          <line num="18" count="1" type="stmt"/>
          <line num="20" count="1" type="stmt"/>
          <line num="24" count="3" type="stmt"/>
          <line num="26" count="1" type="stmt"/>
          <line num="27" count="1" type="stmt"/>
          <line num="29" count="1" type="stmt"/>
          <line num="31" count="1" type="stmt"/>
          <line num="35" count="3" type="stmt"/>
          <line num="39" count="1" type="stmt"/>
          <line num="40" count="1" type="stmt"/>
          <line num="43" count="1" type="stmt"/>
          <line num="46" count="1" type="stmt"/>
          <line num="50" count="3" type="stmt"/>
          <line num="52" count="1" type="stmt"/>
          <line num="53" count="1" type="stmt"/>
          <line num="55" count="1" type="stmt"/>
          <line num="57" count="1" type="stmt"/>
          <line num="61" count="3" type="stmt"/>
          <line num="63" count="1" type="stmt"/>
          <line num="64" count="1" type="stmt"/>
          <line num="66" count="1" type="stmt"/>
          <line num="68" count="1" type="stmt"/>
        </file>
        <file name="users-db.js" path="/home/genaro/Desktop/340CT/bedenkog-local-news-users/modules/users-db.js">
          <metrics statements="43" coveredstatements="43" conditionals="0" coveredconditionals="0" methods="24" coveredmethods="24"/>
          <line num="4" count="4" type="stmt"/>
          <line num="5" count="4" type="stmt"/>
          <line num="7" count="4" type="stmt"/>
          <line num="10" count="5" type="stmt"/>
          <line num="12" count="5" type="stmt"/>
          <line num="16" count="5" type="stmt"/>
          <line num="18" count="5" type="stmt"/>
          <line num="20" count="5" type="stmt"/>
          <line num="21" count="5" type="stmt"/>
          <line num="22" count="5" type="stmt"/>
          <line num="23" count="5" type="stmt"/>
          <line num="29" count="4" type="stmt"/>
          <line num="33" count="1" type="stmt"/>
          <line num="36" count="1" type="stmt"/>
          <line num="40" count="1" type="stmt"/>
          <line num="41" count="1" type="stmt"/>
          <line num="42" count="1" type="stmt"/>
          <line num="49" count="4" type="stmt"/>
          <line num="51" count="1" type="stmt"/>
          <line num="53" count="1" type="stmt"/>
          <line num="55" count="1" type="stmt"/>
          <line num="56" count="1" type="stmt"/>
          <line num="57" count="1" type="stmt"/>
          <line num="63" count="4" type="stmt"/>
          <line num="67" count="1" type="stmt"/>
          <line num="69" count="1" type="stmt"/>
          <line num="71" count="1" type="stmt"/>
          <line num="72" count="1" type="stmt"/>
          <line num="73" count="1" type="stmt"/>
          <line num="74" count="1" type="stmt"/>
          <line num="80" count="6" type="stmt"/>
          <line num="84" count="6" type="stmt"/>
          <line num="86" count="5" type="stmt"/>
          <line num="88" count="5" type="stmt"/>
          <line num="89" count="5" type="stmt"/>
          <line num="90" count="5" type="stmt"/>
          <line num="91" count="5" type="stmt"/>
          <line num="97" count="6" type="stmt"/>
          <line num="99" count="6" type="stmt"/>
          <line num="101" count="6" type="stmt"/>
          <line num="103" count="6" type="stmt"/>
          <line num="104" count="6" type="stmt"/>
          <line num="105" count="6" type="stmt"/>
        </file>
      </package>
    </metrics>
  </project>
</coverage>
