<?xml version="1.0" encoding="UTF-8"?>
<coverage generated="1544015151933" clover="3.2.0">
  <project timestamp="1544015151933" name="All files">
    <metrics statements="164" coveredstatements="164" conditionals="18" coveredconditionals="18" methods="47" coveredmethods="47" elements="229" coveredelements="229" complexity="0" loc="164" ncloc="164" packages="2" files="4" classes="4">
      <package name="bedenkog-local-news-users">
        <metrics statements="64" coveredstatements="64" conditionals="8" coveredconditionals="8" methods="8" coveredmethods="8"/>
        <file name="users-api.js" path="/home/genaro/Desktop/340CT/bedenkog-local-news-users/users-api.js">
          <metrics statements="64" coveredstatements="64" conditionals="8" coveredconditionals="8" methods="8" coveredmethods="8"/>
          <line num="5" count="1" type="stmt"/>
          <line num="8" count="1" type="stmt"/>
          <line num="9" count="1" type="stmt"/>
          <line num="10" count="1" type="stmt"/>
          <line num="13" count="1" type="stmt"/>
          <line num="14" count="1" type="stmt"/>
          <line num="15" count="1" type="stmt"/>
          <line num="18" count="1" type="stmt"/>
          <line num="21" count="1" type="stmt"/>
          <line num="24" count="1" type="stmt"/>
          <line num="25" count="1" type="stmt"/>
          <line num="28" count="1" type="stmt"/>
          <line num="29" count="17" type="stmt"/>
          <line num="30" count="17" type="stmt"/>
          <line num="31" count="17" type="stmt"/>
          <line num="35" count="1" type="stmt"/>
          <line num="38" count="3" type="stmt"/>
          <line num="41" count="3" type="stmt"/>
          <line num="44" count="3" type="stmt"/>
          <line num="45" count="3" type="stmt"/>
          <line num="49" count="1" type="stmt"/>
          <line num="54" count="2" type="stmt"/>
          <line num="57" count="2" type="stmt"/>
          <line num="60" count="2" type="stmt"/>
          <line num="62" count="2" type="cond" truecount="2" falsecount="0"/>
          <line num="65" count="1" type="stmt"/>
          <line num="66" count="1" type="stmt"/>
          <line num="71" count="1" type="stmt"/>
          <line num="72" count="1" type="stmt"/>
          <line num="75" count="2" type="stmt"/>
          <line num="76" count="2" type="stmt"/>
          <line num="80" count="1" type="stmt"/>
          <line num="83" count="3" type="stmt"/>
          <line num="86" count="3" type="stmt"/>
          <line num="89" count="3" type="stmt"/>
          <line num="90" count="3" type="stmt"/>
          <line num="94" count="1" type="stmt"/>
          <line num="97" count="3" type="stmt"/>
          <line num="100" count="3" type="stmt"/>
          <line num="102" count="3" type="cond" truecount="2" falsecount="0"/>
          <line num="104" count="2" type="stmt"/>
          <line num="105" count="2" type="stmt"/>
          <line num="108" count="1" type="stmt"/>
          <line num="109" count="1" type="stmt"/>
          <line num="114" count="1" type="stmt"/>
          <line num="117" count="3" type="stmt"/>
          <line num="120" count="3" type="stmt"/>
          <line num="122" count="3" type="cond" truecount="2" falsecount="0"/>
          <line num="124" count="2" type="stmt"/>
          <line num="125" count="2" type="stmt"/>
          <line num="127" count="1" type="stmt"/>
          <line num="128" count="1" type="stmt"/>
          <line num="133" count="1" type="stmt"/>
          <line num="136" count="3" type="stmt"/>
          <line num="139" count="3" type="stmt"/>
          <line num="141" count="3" type="cond" truecount="2" falsecount="0"/>
          <line num="143" count="2" type="stmt"/>
          <line num="144" count="2" type="stmt"/>
          <line num="146" count="1" type="stmt"/>
          <line num="147" count="1" type="stmt"/>
          <line num="152" count="1" type="stmt"/>
          <line num="153" count="1" type="stmt"/>
          <line num="156" count="1" type="stmt"/>
          <line num="159" count="1" type="stmt"/>
        </file>
      </package>
      <package name="bedenkog-local-news-users.modules">
        <metrics statements="100" coveredstatements="100" conditionals="10" coveredconditionals="10" methods="39" coveredmethods="39"/>
        <file name="authentication.js" path="/home/genaro/Desktop/340CT/bedenkog-local-news-users/modules/authentication.js">
          <metrics statements="7" coveredstatements="7" conditionals="0" coveredconditionals="0" methods="1" coveredmethods="1"/>
          <line num="3" count="2" type="stmt"/>
          <line num="6" count="2" type="stmt"/>
          <line num="8" count="2" type="stmt"/>
          <line num="11" count="1" type="stmt"/>
          <line num="14" count="1" type="stmt"/>
          <line num="17" count="1" type="stmt"/>
          <line num="20" count="1" type="stmt"/>
        </file>
        <file name="users-controller.js" path="/home/genaro/Desktop/340CT/bedenkog-local-news-users/modules/users-controller.js">
          <metrics statements="35" coveredstatements="35" conditionals="0" coveredconditionals="0" methods="14" coveredmethods="14"/>
          <line num="3" count="3" type="stmt"/>
          <line num="4" count="3" type="stmt"/>
          <line num="6" count="3" type="stmt"/>
          <line num="9" count="3" type="stmt"/>
          <line num="11" count="2" type="stmt"/>
          <line num="12" count="2" type="stmt"/>
          <line num="13" count="2" type="stmt"/>
          <line num="15" count="2" type="stmt"/>
          <line num="16" count="1" type="stmt"/>
          <line num="17" count="1" type="stmt"/>
          <line num="19" count="2" type="stmt"/>
          <line num="21" count="2" type="stmt"/>
          <line num="25" count="3" type="stmt"/>
          <line num="27" count="2" type="stmt"/>
          <line num="28" count="1" type="stmt"/>
          <line num="29" count="1" type="stmt"/>
          <line num="31" count="2" type="stmt"/>
          <line num="33" count="2" type="stmt"/>
          <line num="37" count="3" type="stmt"/>
          <line num="41" count="1" type="stmt"/>
          <line num="42" count="1" type="stmt"/>
          <line num="45" count="1" type="stmt"/>
          <line num="48" count="1" type="stmt"/>
          <line num="52" count="3" type="stmt"/>
          <line num="54" count="3" type="stmt"/>
          <line num="55" count="1" type="stmt"/>
          <line num="56" count="2" type="stmt"/>
          <line num="58" count="3" type="stmt"/>
          <line num="60" count="3" type="stmt"/>
          <line num="64" count="3" type="stmt"/>
          <line num="66" count="2" type="stmt"/>
          <line num="67" count="1" type="stmt"/>
          <line num="68" count="1" type="stmt"/>
          <line num="70" count="2" type="stmt"/>
          <line num="72" count="2" type="stmt"/>
        </file>
        <file name="users-db.js" path="/home/genaro/Desktop/340CT/bedenkog-local-news-users/modules/users-db.js">
          <metrics statements="58" coveredstatements="58" conditionals="10" coveredconditionals="10" methods="24" coveredmethods="24"/>
          <line num="4" count="4" type="stmt"/>
          <line num="5" count="4" type="stmt"/>
          <line num="7" count="4" type="stmt"/>
          <line num="10" count="6" type="stmt"/>
          <line num="12" count="6" type="stmt"/>
          <line num="16" count="6" type="stmt"/>
          <line num="18" count="6" type="cond" truecount="2" falsecount="0"/>
          <line num="20" count="6" type="stmt"/>
          <line num="21" count="6" type="stmt"/>
          <line num="23" count="5" type="stmt"/>
          <line num="24" count="5" type="stmt"/>
          <line num="25" count="5" type="stmt"/>
          <line num="26" count="5" type="stmt"/>
          <line num="30" count="1" type="stmt"/>
          <line num="36" count="4" type="stmt"/>
          <line num="40" count="2" type="stmt"/>
          <line num="42" count="2" type="cond" truecount="2" falsecount="0"/>
          <line num="44" count="2" type="stmt"/>
          <line num="46" count="2" type="stmt"/>
          <line num="50" count="1" type="stmt"/>
          <line num="51" count="1" type="stmt"/>
          <line num="52" count="1" type="stmt"/>
          <line num="56" count="1" type="stmt"/>
          <line num="63" count="4" type="stmt"/>
          <line num="65" count="2" type="stmt"/>
          <line num="67" count="2" type="cond" truecount="2" falsecount="0"/>
          <line num="69" count="2" type="stmt"/>
          <line num="70" count="2" type="stmt"/>
          <line num="72" count="1" type="stmt"/>
          <line num="73" count="1" type="stmt"/>
          <line num="74" count="1" type="stmt"/>
          <line num="78" count="1" type="stmt"/>
          <line num="84" count="4" type="stmt"/>
          <line num="88" count="2" type="stmt"/>
          <line num="90" count="2" type="cond" truecount="2" falsecount="0"/>
          <line num="92" count="2" type="stmt"/>
          <line num="93" count="2" type="stmt"/>
          <line num="95" count="1" type="stmt"/>
          <line num="96" count="1" type="stmt"/>
          <line num="97" count="1" type="stmt"/>
          <line num="98" count="1" type="stmt"/>
          <line num="102" count="1" type="stmt"/>
          <line num="108" count="7" type="stmt"/>
          <line num="112" count="7" type="stmt"/>
          <line num="114" count="7" type="cond" truecount="2" falsecount="0"/>
          <line num="116" count="7" type="stmt"/>
          <line num="117" count="7" type="stmt"/>
          <line num="119" count="6" type="stmt"/>
          <line num="120" count="6" type="stmt"/>
          <line num="121" count="6" type="stmt"/>
          <line num="122" count="6" type="stmt"/>
          <line num="126" count="1" type="stmt"/>
          <line num="132" count="6" type="stmt"/>
          <line num="134" count="6" type="stmt"/>
          <line num="136" count="6" type="stmt"/>
          <line num="138" count="6" type="stmt"/>
          <line num="139" count="6" type="stmt"/>
          <line num="140" count="6" type="stmt"/>
        </file>
      </package>
    </metrics>
  </project>
</coverage>
