{"/home/genaro/Desktop/340CT/bedenkog-local-news-users/users-api.js": {"path":"/home/genaro/Desktop/340CT/bedenkog-local-news-users/users-api.js","statementMap":{"0":{"start":{"line":5,"column":0},"end":{"line":5,"column":45}},"1":{"start":{"line":8,"column":12},"end":{"line":8,"column":26}},"2":{"start":{"line":9,"column":15},"end":{"line":9,"column":36}},"3":{"start":{"line":10,"column":19},"end":{"line":10,"column":44}},"4":{"start":{"line":13,"column":12},"end":{"line":13,"column":21}},"5":{"start":{"line":14,"column":0},"end":{"line":14,"column":21}},"6":{"start":{"line":15,"column":15},"end":{"line":15,"column":27}},"7":{"start":{"line":18,"column":15},"end":{"line":18,"column":43}},"8":{"start":{"line":21,"column":13},"end":{"line":21,"column":17}},"9":{"start":{"line":24,"column":24},"end":{"line":24,"column":61}},"10":{"start":{"line":25,"column":23},"end":{"line":25,"column":58}},"11":{"start":{"line":28,"column":0},"end":{"line":32,"column":2}},"12":{"start":{"line":29,"column":1},"end":{"line":29,"column":52}},"13":{"start":{"line":30,"column":1},"end":{"line":30,"column":44}},"14":{"start":{"line":31,"column":1},"end":{"line":31,"column":13}},"15":{"start":{"line":35,"column":0},"end":{"line":46,"column":2}},"16":{"start":{"line":38,"column":1},"end":{"line":38,"column":24}},"17":{"start":{"line":41,"column":15},"end":{"line":41,"column":61}},"18":{"start":{"line":44,"column":1},"end":{"line":44,"column":23}},"19":{"start":{"line":45,"column":1},"end":{"line":45,"column":17}},"20":{"start":{"line":49,"column":0},"end":{"line":77,"column":2}},"21":{"start":{"line":54,"column":1},"end":{"line":54,"column":25}},"22":{"start":{"line":57,"column":29},"end":{"line":57,"column":53}},"23":{"start":{"line":60,"column":20},"end":{"line":60,"column":82}},"24":{"start":{"line":62,"column":1},"end":{"line":73,"column":2}},"25":{"start":{"line":65,"column":2},"end":{"line":65,"column":24}},"26":{"start":{"line":66,"column":2},"end":{"line":66,"column":34}},"27":{"start":{"line":71,"column":2},"end":{"line":71,"column":34}},"28":{"start":{"line":72,"column":2},"end":{"line":72,"column":35}},"29":{"start":{"line":75,"column":1},"end":{"line":75,"column":24}},"30":{"start":{"line":76,"column":1},"end":{"line":76,"column":23}},"31":{"start":{"line":80,"column":0},"end":{"line":91,"column":2}},"32":{"start":{"line":83,"column":1},"end":{"line":83,"column":24}},"33":{"start":{"line":86,"column":14},"end":{"line":86,"column":63}},"34":{"start":{"line":89,"column":1},"end":{"line":89,"column":23}},"35":{"start":{"line":90,"column":1},"end":{"line":90,"column":16}},"36":{"start":{"line":94,"column":0},"end":{"line":111,"column":2}},"37":{"start":{"line":97,"column":1},"end":{"line":97,"column":25}},"38":{"start":{"line":100,"column":25},"end":{"line":100,"column":68}},"39":{"start":{"line":102,"column":1},"end":{"line":110,"column":2}},"40":{"start":{"line":104,"column":2},"end":{"line":104,"column":29}},"41":{"start":{"line":105,"column":2},"end":{"line":105,"column":72}},"42":{"start":{"line":108,"column":2},"end":{"line":108,"column":33}},"43":{"start":{"line":109,"column":2},"end":{"line":109,"column":69}},"44":{"start":{"line":114,"column":0},"end":{"line":130,"column":2}},"45":{"start":{"line":117,"column":1},"end":{"line":117,"column":24}},"46":{"start":{"line":120,"column":28},"end":{"line":120,"column":94}},"47":{"start":{"line":122,"column":1},"end":{"line":129,"column":2}},"48":{"start":{"line":124,"column":2},"end":{"line":124,"column":29}},"49":{"start":{"line":125,"column":2},"end":{"line":125,"column":77}},"50":{"start":{"line":127,"column":2},"end":{"line":127,"column":33}},"51":{"start":{"line":128,"column":2},"end":{"line":128,"column":74}},"52":{"start":{"line":133,"column":0},"end":{"line":149,"column":2}},"53":{"start":{"line":136,"column":1},"end":{"line":136,"column":27}},"54":{"start":{"line":139,"column":28},"end":{"line":139,"column":76}},"55":{"start":{"line":141,"column":1},"end":{"line":148,"column":2}},"56":{"start":{"line":143,"column":2},"end":{"line":143,"column":24}},"57":{"start":{"line":144,"column":2},"end":{"line":144,"column":77}},"58":{"start":{"line":146,"column":2},"end":{"line":146,"column":33}},"59":{"start":{"line":147,"column":2},"end":{"line":147,"column":74}},"60":{"start":{"line":152,"column":0},"end":{"line":152,"column":24}},"61":{"start":{"line":153,"column":0},"end":{"line":153,"column":32}},"62":{"start":{"line":156,"column":15},"end":{"line":156,"column":86}},"63":{"start":{"line":156,"column":38},"end":{"line":156,"column":85}},"64":{"start":{"line":159,"column":0},"end":{"line":159,"column":23}}},"fnMap":{"0":{"name":"(anonymous_0)","decl":{"start":{"line":28,"column":9},"end":{"line":28,"column":10}},"loc":{"start":{"line":28,"column":29},"end":{"line":32,"column":1}},"line":28},"1":{"name":"(anonymous_1)","decl":{"start":{"line":35,"column":30},"end":{"line":35,"column":31}},"loc":{"start":{"line":35,"column":43},"end":{"line":46,"column":1}},"line":35},"2":{"name":"(anonymous_2)","decl":{"start":{"line":49,"column":37},"end":{"line":49,"column":38}},"loc":{"start":{"line":49,"column":50},"end":{"line":77,"column":1}},"line":49},"3":{"name":"(anonymous_3)","decl":{"start":{"line":80,"column":39},"end":{"line":80,"column":40}},"loc":{"start":{"line":80,"column":52},"end":{"line":91,"column":1}},"line":80},"4":{"name":"(anonymous_4)","decl":{"start":{"line":94,"column":31},"end":{"line":94,"column":32}},"loc":{"start":{"line":94,"column":44},"end":{"line":111,"column":1}},"line":94},"5":{"name":"(anonymous_5)","decl":{"start":{"line":114,"column":39},"end":{"line":114,"column":40}},"loc":{"start":{"line":114,"column":52},"end":{"line":130,"column":1}},"line":114},"6":{"name":"(anonymous_6)","decl":{"start":{"line":133,"column":39},"end":{"line":133,"column":40}},"loc":{"start":{"line":133,"column":52},"end":{"line":149,"column":1}},"line":133},"7":{"name":"(anonymous_7)","decl":{"start":{"line":156,"column":32},"end":{"line":156,"column":33}},"loc":{"start":{"line":156,"column":38},"end":{"line":156,"column":85}},"line":156}},"branchMap":{"0":{"loc":{"start":{"line":62,"column":1},"end":{"line":73,"column":2}},"type":"if","locations":[{"start":{"line":62,"column":1},"end":{"line":73,"column":2}},{"start":{"line":62,"column":1},"end":{"line":73,"column":2}}],"line":62},"1":{"loc":{"start":{"line":102,"column":1},"end":{"line":110,"column":2}},"type":"if","locations":[{"start":{"line":102,"column":1},"end":{"line":110,"column":2}},{"start":{"line":102,"column":1},"end":{"line":110,"column":2}}],"line":102},"2":{"loc":{"start":{"line":122,"column":1},"end":{"line":129,"column":2}},"type":"if","locations":[{"start":{"line":122,"column":1},"end":{"line":129,"column":2}},{"start":{"line":122,"column":1},"end":{"line":129,"column":2}}],"line":122},"3":{"loc":{"start":{"line":141,"column":1},"end":{"line":148,"column":2}},"type":"if","locations":[{"start":{"line":141,"column":1},"end":{"line":148,"column":2}},{"start":{"line":141,"column":1},"end":{"line":148,"column":2}}],"line":141}},"s":{"0":1,"1":1,"2":1,"3":1,"4":1,"5":1,"6":1,"7":1,"8":1,"9":1,"10":1,"11":1,"12":17,"13":17,"14":17,"15":1,"16":3,"17":3,"18":3,"19":3,"20":1,"21":2,"22":2,"23":2,"24":2,"25":1,"26":1,"27":1,"28":1,"29":2,"30":2,"31":1,"32":3,"33":3,"34":3,"35":3,"36":1,"37":3,"38":3,"39":3,"40":2,"41":2,"42":1,"43":1,"44":1,"45":3,"46":3,"47":3,"48":2,"49":2,"50":1,"51":1,"52":1,"53":3,"54":3,"55":3,"56":2,"57":2,"58":1,"59":1,"60":1,"61":1,"62":1,"63":1,"64":1},"f":{"0":17,"1":3,"2":2,"3":3,"4":3,"5":3,"6":3,"7":1},"b":{"0":[1,1],"1":[2,1],"2":[2,1],"3":[2,1]},"_coverageSchema":"332fd63041d2c1bcb487cc26dd0d5f7d97098a6c","hash":"6928dd9852bf591e917928d774b931568f2a6a9a"}
,"/home/genaro/Desktop/340CT/bedenkog-local-news-users/modules/authentication.js": {"path":"/home/genaro/Desktop/340CT/bedenkog-local-news-users/modules/authentication.js","statementMap":{"0":{"start":{"line":3,"column":15},"end":{"line":3,"column":32}},"1":{"start":{"line":6,"column":24},"end":{"line":6,"column":53}},"2":{"start":{"line":8,"column":0},"end":{"line":40,"column":1}},"3":{"start":{"line":11,"column":18},"end":{"line":11,"column":48}},"4":{"start":{"line":14,"column":25},"end":{"line":14,"column":63}},"5":{"start":{"line":17,"column":30},"end":{"line":17,"column":56}},"6":{"start":{"line":20,"column":22},"end":{"line":20,"column":72}}},"fnMap":{"0":{"name":"(anonymous_0)","decl":{"start":{"line":8,"column":31},"end":{"line":8,"column":32}},"loc":{"start":{"line":8,"column":61},"end":{"line":40,"column":1}},"line":8}},"branchMap":{},"s":{"0":2,"1":2,"2":2,"3":1,"4":1,"5":1,"6":1},"f":{"0":1},"b":{},"_coverageSchema":"332fd63041d2c1bcb487cc26dd0d5f7d97098a6c","hash":"69ce443d229ca4454b9800740469dfe1834e59e2"}
,"/home/genaro/Desktop/340CT/bedenkog-local-news-users/modules/users-controller.js": {"path":"/home/genaro/Desktop/340CT/bedenkog-local-news-users/modules/users-controller.js","statementMap":{"0":{"start":{"line":3,"column":20},"end":{"line":3,"column":62}},"1":{"start":{"line":4,"column":24},"end":{"line":4,"column":31}},"2":{"start":{"line":6,"column":17},"end":{"line":6,"column":38}},"3":{"start":{"line":9,"column":0},"end":{"line":22,"column":1}},"4":{"start":{"line":11,"column":1},"end":{"line":11,"column":25}},"5":{"start":{"line":12,"column":1},"end":{"line":12,"column":21}},"6":{"start":{"line":13,"column":1},"end":{"line":13,"column":24}},"7":{"start":{"line":15,"column":17},"end":{"line":17,"column":28}},"8":{"start":{"line":16,"column":20},"end":{"line":16,"column":26}},"9":{"start":{"line":17,"column":21},"end":{"line":17,"column":27}},"10":{"start":{"line":19,"column":25},"end":{"line":19,"column":38}},"11":{"start":{"line":21,"column":1},"end":{"line":21,"column":23}},"12":{"start":{"line":25,"column":0},"end":{"line":34,"column":1}},"13":{"start":{"line":27,"column":17},"end":{"line":29,"column":28}},"14":{"start":{"line":28,"column":18},"end":{"line":28,"column":22}},"15":{"start":{"line":29,"column":21},"end":{"line":29,"column":27}},"16":{"start":{"line":31,"column":14},"end":{"line":31,"column":27}},"17":{"start":{"line":33,"column":1},"end":{"line":33,"column":12}},"18":{"start":{"line":37,"column":0},"end":{"line":49,"column":1}},"19":{"start":{"line":41,"column":17},"end":{"line":42,"column":29}},"20":{"start":{"line":42,"column":21},"end":{"line":42,"column":28}},"21":{"start":{"line":45,"column":21},"end":{"line":45,"column":34}},"22":{"start":{"line":48,"column":1},"end":{"line":48,"column":19}},"23":{"start":{"line":52,"column":0},"end":{"line":61,"column":1}},"24":{"start":{"line":54,"column":20},"end":{"line":56,"column":28}},"25":{"start":{"line":55,"column":18},"end":{"line":55,"column":22}},"26":{"start":{"line":56,"column":21},"end":{"line":56,"column":27}},"27":{"start":{"line":58,"column":28},"end":{"line":58,"column":44}},"28":{"start":{"line":60,"column":1},"end":{"line":60,"column":26}},"29":{"start":{"line":64,"column":0},"end":{"line":73,"column":1}},"30":{"start":{"line":66,"column":20},"end":{"line":68,"column":28}},"31":{"start":{"line":67,"column":18},"end":{"line":67,"column":22}},"32":{"start":{"line":68,"column":21},"end":{"line":68,"column":27}},"33":{"start":{"line":70,"column":28},"end":{"line":70,"column":44}},"34":{"start":{"line":72,"column":1},"end":{"line":72,"column":26}}},"fnMap":{"0":{"name":"(anonymous_0)","decl":{"start":{"line":9,"column":14},"end":{"line":9,"column":15}},"loc":{"start":{"line":9,"column":35},"end":{"line":22,"column":1}},"line":9},"1":{"name":"(anonymous_1)","decl":{"start":{"line":16,"column":8},"end":{"line":16,"column":9}},"loc":{"start":{"line":16,"column":20},"end":{"line":16,"column":26}},"line":16},"2":{"name":"(anonymous_2)","decl":{"start":{"line":17,"column":9},"end":{"line":17,"column":10}},"loc":{"start":{"line":17,"column":21},"end":{"line":17,"column":27}},"line":17},"3":{"name":"(anonymous_3)","decl":{"start":{"line":25,"column":18},"end":{"line":25,"column":19}},"loc":{"start":{"line":25,"column":35},"end":{"line":34,"column":1}},"line":25},"4":{"name":"(anonymous_4)","decl":{"start":{"line":28,"column":8},"end":{"line":28,"column":9}},"loc":{"start":{"line":28,"column":18},"end":{"line":28,"column":22}},"line":28},"5":{"name":"(anonymous_5)","decl":{"start":{"line":29,"column":9},"end":{"line":29,"column":10}},"loc":{"start":{"line":29,"column":21},"end":{"line":29,"column":27}},"line":29},"6":{"name":"(anonymous_6)","decl":{"start":{"line":37,"column":17},"end":{"line":37,"column":18}},"loc":{"start":{"line":37,"column":39},"end":{"line":49,"column":1}},"line":37},"7":{"name":"(anonymous_7)","decl":{"start":{"line":42,"column":8},"end":{"line":42,"column":9}},"loc":{"start":{"line":42,"column":21},"end":{"line":42,"column":28}},"line":42},"8":{"name":"(anonymous_8)","decl":{"start":{"line":52,"column":17},"end":{"line":52,"column":18}},"loc":{"start":{"line":52,"column":56},"end":{"line":61,"column":1}},"line":52},"9":{"name":"(anonymous_9)","decl":{"start":{"line":55,"column":8},"end":{"line":55,"column":9}},"loc":{"start":{"line":55,"column":18},"end":{"line":55,"column":22}},"line":55},"10":{"name":"(anonymous_10)","decl":{"start":{"line":56,"column":9},"end":{"line":56,"column":10}},"loc":{"start":{"line":56,"column":21},"end":{"line":56,"column":27}},"line":56},"11":{"name":"(anonymous_11)","decl":{"start":{"line":64,"column":17},"end":{"line":64,"column":18}},"loc":{"start":{"line":64,"column":34},"end":{"line":73,"column":1}},"line":64},"12":{"name":"(anonymous_12)","decl":{"start":{"line":67,"column":8},"end":{"line":67,"column":9}},"loc":{"start":{"line":67,"column":18},"end":{"line":67,"column":22}},"line":67},"13":{"name":"(anonymous_13)","decl":{"start":{"line":68,"column":9},"end":{"line":68,"column":10}},"loc":{"start":{"line":68,"column":21},"end":{"line":68,"column":27}},"line":68}},"branchMap":{},"s":{"0":3,"1":3,"2":3,"3":3,"4":2,"5":2,"6":2,"7":2,"8":1,"9":1,"10":2,"11":2,"12":3,"13":2,"14":1,"15":1,"16":2,"17":2,"18":3,"19":1,"20":1,"21":1,"22":1,"23":3,"24":3,"25":1,"26":2,"27":3,"28":3,"29":3,"30":2,"31":1,"32":1,"33":2,"34":2},"f":{"0":2,"1":1,"2":1,"3":2,"4":1,"5":1,"6":1,"7":1,"8":3,"9":1,"10":2,"11":2,"12":1,"13":1},"b":{},"_coverageSchema":"332fd63041d2c1bcb487cc26dd0d5f7d97098a6c","hash":"f1726605d343f655bd53752a179e3a056ac4572f"}
,"/home/genaro/Desktop/340CT/bedenkog-local-news-users/modules/users-db.js": {"path":"/home/genaro/Desktop/340CT/bedenkog-local-news-users/modules/users-db.js","statementMap":{"0":{"start":{"line":4,"column":20},"end":{"line":4,"column":50}},"1":{"start":{"line":5,"column":16},"end":{"line":5,"column":34}},"2":{"start":{"line":7,"column":21},"end":{"line":7,"column":41}},"3":{"start":{"line":10,"column":0},"end":{"line":33,"column":2}},"4":{"start":{"line":10,"column":80},"end":{"line":33,"column":2}},"5":{"start":{"line":12,"column":1},"end":{"line":12,"column":105}},"6":{"start":{"line":16,"column":1},"end":{"line":32,"column":3}},"7":{"start":{"line":18,"column":2},"end":{"line":18,"column":59}},"8":{"start":{"line":18,"column":10},"end":{"line":18,"column":59}},"9":{"start":{"line":20,"column":2},"end":{"line":31,"column":3}},"10":{"start":{"line":21,"column":15},"end":{"line":21,"column":34}},"11":{"start":{"line":23,"column":3},"end":{"line":27,"column":5}},"12":{"start":{"line":24,"column":4},"end":{"line":24,"column":109}},"13":{"start":{"line":25,"column":4},"end":{"line":25,"column":14}},"14":{"start":{"line":26,"column":4},"end":{"line":26,"column":17}},"15":{"start":{"line":30,"column":3},"end":{"line":30,"column":52}},"16":{"start":{"line":36,"column":0},"end":{"line":59,"column":2}},"17":{"start":{"line":36,"column":77},"end":{"line":59,"column":2}},"18":{"start":{"line":40,"column":1},"end":{"line":58,"column":3}},"19":{"start":{"line":42,"column":2},"end":{"line":42,"column":59}},"20":{"start":{"line":42,"column":10},"end":{"line":42,"column":59}},"21":{"start":{"line":44,"column":2},"end":{"line":57,"column":3}},"22":{"start":{"line":46,"column":15},"end":{"line":46,"column":34}},"23":{"start":{"line":50,"column":3},"end":{"line":53,"column":5}},"24":{"start":{"line":51,"column":4},"end":{"line":51,"column":14}},"25":{"start":{"line":52,"column":4},"end":{"line":52,"column":19}},"26":{"start":{"line":56,"column":3},"end":{"line":56,"column":52}},"27":{"start":{"line":63,"column":0},"end":{"line":81,"column":2}},"28":{"start":{"line":63,"column":81},"end":{"line":81,"column":2}},"29":{"start":{"line":65,"column":1},"end":{"line":80,"column":3}},"30":{"start":{"line":67,"column":2},"end":{"line":67,"column":59}},"31":{"start":{"line":67,"column":10},"end":{"line":67,"column":59}},"32":{"start":{"line":69,"column":2},"end":{"line":79,"column":3}},"33":{"start":{"line":70,"column":15},"end":{"line":70,"column":34}},"34":{"start":{"line":72,"column":3},"end":{"line":75,"column":5}},"35":{"start":{"line":73,"column":4},"end":{"line":73,"column":14}},"36":{"start":{"line":74,"column":4},"end":{"line":74,"column":19}},"37":{"start":{"line":78,"column":3},"end":{"line":78,"column":52}},"38":{"start":{"line":84,"column":0},"end":{"line":105,"column":2}},"39":{"start":{"line":84,"column":87},"end":{"line":105,"column":2}},"40":{"start":{"line":88,"column":1},"end":{"line":104,"column":3}},"41":{"start":{"line":90,"column":2},"end":{"line":90,"column":59}},"42":{"start":{"line":90,"column":10},"end":{"line":90,"column":59}},"43":{"start":{"line":92,"column":2},"end":{"line":103,"column":3}},"44":{"start":{"line":93,"column":15},"end":{"line":93,"column":34}},"45":{"start":{"line":95,"column":3},"end":{"line":99,"column":5}},"46":{"start":{"line":96,"column":4},"end":{"line":96,"column":71}},"47":{"start":{"line":97,"column":4},"end":{"line":97,"column":14}},"48":{"start":{"line":98,"column":4},"end":{"line":98,"column":17}},"49":{"start":{"line":102,"column":3},"end":{"line":102,"column":52}},"50":{"start":{"line":108,"column":0},"end":{"line":129,"column":2}},"51":{"start":{"line":108,"column":70},"end":{"line":129,"column":2}},"52":{"start":{"line":112,"column":1},"end":{"line":128,"column":3}},"53":{"start":{"line":114,"column":2},"end":{"line":114,"column":59}},"54":{"start":{"line":114,"column":10},"end":{"line":114,"column":59}},"55":{"start":{"line":116,"column":2},"end":{"line":127,"column":3}},"56":{"start":{"line":117,"column":15},"end":{"line":117,"column":34}},"57":{"start":{"line":119,"column":3},"end":{"line":123,"column":5}},"58":{"start":{"line":120,"column":4},"end":{"line":120,"column":71}},"59":{"start":{"line":121,"column":4},"end":{"line":121,"column":14}},"60":{"start":{"line":122,"column":4},"end":{"line":122,"column":17}},"61":{"start":{"line":126,"column":3},"end":{"line":126,"column":52}},"62":{"start":{"line":132,"column":0},"end":{"line":143,"column":2}},"63":{"start":{"line":132,"column":86},"end":{"line":143,"column":2}},"64":{"start":{"line":134,"column":1},"end":{"line":142,"column":3}},"65":{"start":{"line":136,"column":14},"end":{"line":136,"column":33}},"66":{"start":{"line":138,"column":2},"end":{"line":141,"column":4}},"67":{"start":{"line":139,"column":3},"end":{"line":139,"column":13}},"68":{"start":{"line":140,"column":3},"end":{"line":140,"column":18}}},"fnMap":{"0":{"name":"(anonymous_0)","decl":{"start":{"line":10,"column":34},"end":{"line":10,"column":35}},"loc":{"start":{"line":10,"column":80},"end":{"line":33,"column":2}},"line":10},"1":{"name":"(anonymous_1)","decl":{"start":{"line":10,"column":92},"end":{"line":10,"column":93}},"loc":{"start":{"line":10,"column":113},"end":{"line":33,"column":1}},"line":10},"2":{"name":"(anonymous_2)","decl":{"start":{"line":16,"column":34},"end":{"line":16,"column":35}},"loc":{"start":{"line":16,"column":47},"end":{"line":32,"column":2}},"line":16},"3":{"name":"(anonymous_3)","decl":{"start":{"line":23,"column":57},"end":{"line":23,"column":58}},"loc":{"start":{"line":23,"column":71},"end":{"line":27,"column":4}},"line":23},"4":{"name":"(anonymous_4)","decl":{"start":{"line":36,"column":31},"end":{"line":36,"column":32}},"loc":{"start":{"line":36,"column":77},"end":{"line":59,"column":2}},"line":36},"5":{"name":"(anonymous_5)","decl":{"start":{"line":36,"column":89},"end":{"line":36,"column":90}},"loc":{"start":{"line":36,"column":110},"end":{"line":59,"column":1}},"line":36},"6":{"name":"(anonymous_6)","decl":{"start":{"line":40,"column":34},"end":{"line":40,"column":35}},"loc":{"start":{"line":40,"column":47},"end":{"line":58,"column":2}},"line":40},"7":{"name":"(anonymous_7)","decl":{"start":{"line":50,"column":60},"end":{"line":50,"column":61}},"loc":{"start":{"line":50,"column":77},"end":{"line":53,"column":4}},"line":50},"8":{"name":"(anonymous_8)","decl":{"start":{"line":63,"column":36},"end":{"line":63,"column":37}},"loc":{"start":{"line":63,"column":81},"end":{"line":81,"column":2}},"line":63},"9":{"name":"(anonymous_9)","decl":{"start":{"line":63,"column":93},"end":{"line":63,"column":94}},"loc":{"start":{"line":63,"column":114},"end":{"line":81,"column":1}},"line":63},"10":{"name":"(anonymous_10)","decl":{"start":{"line":65,"column":34},"end":{"line":65,"column":35}},"loc":{"start":{"line":65,"column":47},"end":{"line":80,"column":2}},"line":65},"11":{"name":"(anonymous_11)","decl":{"start":{"line":72,"column":85},"end":{"line":72,"column":86}},"loc":{"start":{"line":72,"column":102},"end":{"line":75,"column":4}},"line":72},"12":{"name":"(anonymous_12)","decl":{"start":{"line":84,"column":25},"end":{"line":84,"column":26}},"loc":{"start":{"line":84,"column":87},"end":{"line":105,"column":2}},"line":84},"13":{"name":"(anonymous_13)","decl":{"start":{"line":84,"column":99},"end":{"line":84,"column":100}},"loc":{"start":{"line":84,"column":120},"end":{"line":105,"column":1}},"line":84},"14":{"name":"(anonymous_14)","decl":{"start":{"line":88,"column":34},"end":{"line":88,"column":35}},"loc":{"start":{"line":88,"column":47},"end":{"line":104,"column":2}},"line":88},"15":{"name":"(anonymous_15)","decl":{"start":{"line":95,"column":110},"end":{"line":95,"column":111}},"loc":{"start":{"line":95,"column":124},"end":{"line":99,"column":4}},"line":95},"16":{"name":"(anonymous_16)","decl":{"start":{"line":108,"column":25},"end":{"line":108,"column":26}},"loc":{"start":{"line":108,"column":70},"end":{"line":129,"column":2}},"line":108},"17":{"name":"(anonymous_17)","decl":{"start":{"line":108,"column":82},"end":{"line":108,"column":83}},"loc":{"start":{"line":108,"column":103},"end":{"line":129,"column":1}},"line":108},"18":{"name":"(anonymous_18)","decl":{"start":{"line":112,"column":34},"end":{"line":112,"column":35}},"loc":{"start":{"line":112,"column":47},"end":{"line":128,"column":2}},"line":112},"19":{"name":"(anonymous_19)","decl":{"start":{"line":119,"column":85},"end":{"line":119,"column":86}},"loc":{"start":{"line":119,"column":99},"end":{"line":123,"column":4}},"line":119},"20":{"name":"(anonymous_20)","decl":{"start":{"line":132,"column":37},"end":{"line":132,"column":38}},"loc":{"start":{"line":132,"column":86},"end":{"line":143,"column":2}},"line":132},"21":{"name":"(anonymous_21)","decl":{"start":{"line":132,"column":98},"end":{"line":132,"column":99}},"loc":{"start":{"line":132,"column":119},"end":{"line":143,"column":1}},"line":132},"22":{"name":"(anonymous_22)","decl":{"start":{"line":134,"column":34},"end":{"line":134,"column":35}},"loc":{"start":{"line":134,"column":47},"end":{"line":142,"column":2}},"line":134},"23":{"name":"(anonymous_23)","decl":{"start":{"line":138,"column":62},"end":{"line":138,"column":63}},"loc":{"start":{"line":138,"column":79},"end":{"line":141,"column":3}},"line":138}},"branchMap":{"0":{"loc":{"start":{"line":18,"column":2},"end":{"line":18,"column":59}},"type":"if","locations":[{"start":{"line":18,"column":2},"end":{"line":18,"column":59}},{"start":{"line":18,"column":2},"end":{"line":18,"column":59}}],"line":18},"1":{"loc":{"start":{"line":42,"column":2},"end":{"line":42,"column":59}},"type":"if","locations":[{"start":{"line":42,"column":2},"end":{"line":42,"column":59}},{"start":{"line":42,"column":2},"end":{"line":42,"column":59}}],"line":42},"2":{"loc":{"start":{"line":67,"column":2},"end":{"line":67,"column":59}},"type":"if","locations":[{"start":{"line":67,"column":2},"end":{"line":67,"column":59}},{"start":{"line":67,"column":2},"end":{"line":67,"column":59}}],"line":67},"3":{"loc":{"start":{"line":90,"column":2},"end":{"line":90,"column":59}},"type":"if","locations":[{"start":{"line":90,"column":2},"end":{"line":90,"column":59}},{"start":{"line":90,"column":2},"end":{"line":90,"column":59}}],"line":90},"4":{"loc":{"start":{"line":114,"column":2},"end":{"line":114,"column":59}},"type":"if","locations":[{"start":{"line":114,"column":2},"end":{"line":114,"column":59}},{"start":{"line":114,"column":2},"end":{"line":114,"column":59}}],"line":114}},"s":{"0":4,"1":4,"2":4,"3":4,"4":6,"5":6,"6":6,"7":6,"8":1,"9":6,"10":6,"11":5,"12":5,"13":5,"14":5,"15":1,"16":4,"17":2,"18":2,"19":2,"20":1,"21":2,"22":2,"23":1,"24":1,"25":1,"26":1,"27":4,"28":2,"29":2,"30":2,"31":1,"32":2,"33":2,"34":1,"35":1,"36":1,"37":1,"38":4,"39":2,"40":2,"41":2,"42":1,"43":2,"44":2,"45":1,"46":1,"47":1,"48":1,"49":1,"50":4,"51":7,"52":7,"53":7,"54":1,"55":7,"56":7,"57":6,"58":6,"59":6,"60":6,"61":1,"62":4,"63":6,"64":6,"65":6,"66":6,"67":6,"68":6},"f":{"0":6,"1":6,"2":6,"3":5,"4":2,"5":2,"6":2,"7":1,"8":2,"9":2,"10":2,"11":1,"12":2,"13":2,"14":2,"15":1,"16":7,"17":7,"18":7,"19":6,"20":6,"21":6,"22":6,"23":6},"b":{"0":[1,5],"1":[1,1],"2":[1,1],"3":[1,1],"4":[1,6]},"_coverageSchema":"332fd63041d2c1bcb487cc26dd0d5f7d97098a6c","hash":"65f3538ee673e7856bc8abe314e2be18e0de7834"}
}
