{"/home/genaro/Desktop/340CT/bedenkog-local-news-users/users-api.js": {"path":"/home/genaro/Desktop/340CT/bedenkog-local-news-users/users-api.js","statementMap":{"0":{"start":{"line":5,"column":0},"end":{"line":5,"column":45}},"1":{"start":{"line":8,"column":12},"end":{"line":8,"column":26}},"2":{"start":{"line":9,"column":15},"end":{"line":9,"column":36}},"3":{"start":{"line":10,"column":19},"end":{"line":10,"column":44}},"4":{"start":{"line":13,"column":12},"end":{"line":13,"column":21}},"5":{"start":{"line":14,"column":0},"end":{"line":14,"column":21}},"6":{"start":{"line":15,"column":15},"end":{"line":15,"column":27}},"7":{"start":{"line":18,"column":15},"end":{"line":18,"column":43}},"8":{"start":{"line":21,"column":13},"end":{"line":21,"column":17}},"9":{"start":{"line":24,"column":24},"end":{"line":24,"column":61}},"10":{"start":{"line":25,"column":23},"end":{"line":25,"column":58}},"11":{"start":{"line":28,"column":0},"end":{"line":32,"column":2}},"12":{"start":{"line":29,"column":1},"end":{"line":29,"column":52}},"13":{"start":{"line":30,"column":1},"end":{"line":30,"column":44}},"14":{"start":{"line":31,"column":1},"end":{"line":31,"column":13}},"15":{"start":{"line":35,"column":0},"end":{"line":46,"column":2}},"16":{"start":{"line":38,"column":1},"end":{"line":38,"column":24}},"17":{"start":{"line":41,"column":15},"end":{"line":41,"column":61}},"18":{"start":{"line":44,"column":1},"end":{"line":44,"column":23}},"19":{"start":{"line":45,"column":1},"end":{"line":45,"column":17}},"20":{"start":{"line":49,"column":0},"end":{"line":77,"column":2}},"21":{"start":{"line":54,"column":1},"end":{"line":54,"column":25}},"22":{"start":{"line":57,"column":29},"end":{"line":57,"column":53}},"23":{"start":{"line":60,"column":20},"end":{"line":60,"column":82}},"24":{"start":{"line":62,"column":1},"end":{"line":73,"column":2}},"25":{"start":{"line":65,"column":2},"end":{"line":65,"column":24}},"26":{"start":{"line":66,"column":2},"end":{"line":66,"column":34}},"27":{"start":{"line":71,"column":2},"end":{"line":71,"column":34}},"28":{"start":{"line":72,"column":2},"end":{"line":72,"column":35}},"29":{"start":{"line":75,"column":1},"end":{"line":75,"column":24}},"30":{"start":{"line":76,"column":1},"end":{"line":76,"column":23}},"31":{"start":{"line":80,"column":0},"end":{"line":91,"column":2}},"32":{"start":{"line":83,"column":1},"end":{"line":83,"column":24}},"33":{"start":{"line":86,"column":14},"end":{"line":86,"column":63}},"34":{"start":{"line":89,"column":1},"end":{"line":89,"column":23}},"35":{"start":{"line":90,"column":1},"end":{"line":90,"column":16}},"36":{"start":{"line":94,"column":0},"end":{"line":105,"column":2}},"37":{"start":{"line":97,"column":1},"end":{"line":97,"column":25}},"38":{"start":{"line":100,"column":25},"end":{"line":100,"column":68}},"39":{"start":{"line":103,"column":1},"end":{"line":103,"column":28}},"40":{"start":{"line":104,"column":1},"end":{"line":104,"column":71}},"41":{"start":{"line":108,"column":0},"end":{"line":119,"column":2}},"42":{"start":{"line":111,"column":1},"end":{"line":111,"column":24}},"43":{"start":{"line":114,"column":28},"end":{"line":114,"column":94}},"44":{"start":{"line":117,"column":1},"end":{"line":117,"column":28}},"45":{"start":{"line":118,"column":1},"end":{"line":118,"column":76}},"46":{"start":{"line":122,"column":0},"end":{"line":133,"column":2}},"47":{"start":{"line":125,"column":1},"end":{"line":125,"column":27}},"48":{"start":{"line":128,"column":28},"end":{"line":128,"column":76}},"49":{"start":{"line":131,"column":1},"end":{"line":131,"column":23}},"50":{"start":{"line":132,"column":1},"end":{"line":132,"column":76}},"51":{"start":{"line":136,"column":0},"end":{"line":136,"column":24}},"52":{"start":{"line":137,"column":0},"end":{"line":137,"column":32}},"53":{"start":{"line":140,"column":15},"end":{"line":140,"column":86}},"54":{"start":{"line":140,"column":38},"end":{"line":140,"column":85}},"55":{"start":{"line":143,"column":0},"end":{"line":143,"column":23}}},"fnMap":{"0":{"name":"(anonymous_0)","decl":{"start":{"line":28,"column":9},"end":{"line":28,"column":10}},"loc":{"start":{"line":28,"column":29},"end":{"line":32,"column":1}},"line":28},"1":{"name":"(anonymous_1)","decl":{"start":{"line":35,"column":30},"end":{"line":35,"column":31}},"loc":{"start":{"line":35,"column":43},"end":{"line":46,"column":1}},"line":35},"2":{"name":"(anonymous_2)","decl":{"start":{"line":49,"column":37},"end":{"line":49,"column":38}},"loc":{"start":{"line":49,"column":50},"end":{"line":77,"column":1}},"line":49},"3":{"name":"(anonymous_3)","decl":{"start":{"line":80,"column":39},"end":{"line":80,"column":40}},"loc":{"start":{"line":80,"column":52},"end":{"line":91,"column":1}},"line":80},"4":{"name":"(anonymous_4)","decl":{"start":{"line":94,"column":31},"end":{"line":94,"column":32}},"loc":{"start":{"line":94,"column":44},"end":{"line":105,"column":1}},"line":94},"5":{"name":"(anonymous_5)","decl":{"start":{"line":108,"column":39},"end":{"line":108,"column":40}},"loc":{"start":{"line":108,"column":52},"end":{"line":119,"column":1}},"line":108},"6":{"name":"(anonymous_6)","decl":{"start":{"line":122,"column":39},"end":{"line":122,"column":40}},"loc":{"start":{"line":122,"column":52},"end":{"line":133,"column":1}},"line":122},"7":{"name":"(anonymous_7)","decl":{"start":{"line":140,"column":32},"end":{"line":140,"column":33}},"loc":{"start":{"line":140,"column":38},"end":{"line":140,"column":85}},"line":140}},"branchMap":{"0":{"loc":{"start":{"line":62,"column":1},"end":{"line":73,"column":2}},"type":"if","locations":[{"start":{"line":62,"column":1},"end":{"line":73,"column":2}},{"start":{"line":62,"column":1},"end":{"line":73,"column":2}}],"line":62}},"s":{"0":1,"1":1,"2":1,"3":1,"4":1,"5":1,"6":1,"7":1,"8":1,"9":1,"10":1,"11":1,"12":12,"13":12,"14":12,"15":1,"16":2,"17":2,"18":2,"19":2,"20":1,"21":2,"22":2,"23":2,"24":2,"25":1,"26":1,"27":1,"28":1,"29":2,"30":2,"31":1,"32":2,"33":2,"34":2,"35":2,"36":1,"37":2,"38":2,"39":2,"40":2,"41":1,"42":2,"43":2,"44":2,"45":2,"46":1,"47":2,"48":2,"49":2,"50":2,"51":1,"52":1,"53":1,"54":1,"55":1},"f":{"0":12,"1":2,"2":2,"3":2,"4":2,"5":2,"6":2,"7":1},"b":{"0":[1,1]},"_coverageSchema":"332fd63041d2c1bcb487cc26dd0d5f7d97098a6c","hash":"2469b8613c8e5259b0c883a7a5e8c3863c1537df"}
,"/home/genaro/Desktop/340CT/bedenkog-local-news-users/modules/authentication.js": {"path":"/home/genaro/Desktop/340CT/bedenkog-local-news-users/modules/authentication.js","statementMap":{"0":{"start":{"line":3,"column":15},"end":{"line":3,"column":32}},"1":{"start":{"line":6,"column":24},"end":{"line":6,"column":53}},"2":{"start":{"line":8,"column":0},"end":{"line":40,"column":1}},"3":{"start":{"line":11,"column":18},"end":{"line":11,"column":48}},"4":{"start":{"line":14,"column":25},"end":{"line":14,"column":63}},"5":{"start":{"line":17,"column":30},"end":{"line":17,"column":56}},"6":{"start":{"line":20,"column":22},"end":{"line":20,"column":72}}},"fnMap":{"0":{"name":"(anonymous_0)","decl":{"start":{"line":8,"column":31},"end":{"line":8,"column":32}},"loc":{"start":{"line":8,"column":61},"end":{"line":40,"column":1}},"line":8}},"branchMap":{},"s":{"0":2,"1":2,"2":2,"3":1,"4":1,"5":1,"6":1},"f":{"0":1},"b":{},"_coverageSchema":"332fd63041d2c1bcb487cc26dd0d5f7d97098a6c","hash":"69ce443d229ca4454b9800740469dfe1834e59e2"}
,"/home/genaro/Desktop/340CT/bedenkog-local-news-users/modules/users-controller.js": {"path":"/home/genaro/Desktop/340CT/bedenkog-local-news-users/modules/users-controller.js","statementMap":{"0":{"start":{"line":3,"column":20},"end":{"line":3,"column":62}},"1":{"start":{"line":4,"column":24},"end":{"line":4,"column":31}},"2":{"start":{"line":6,"column":17},"end":{"line":6,"column":38}},"3":{"start":{"line":9,"column":0},"end":{"line":21,"column":1}},"4":{"start":{"line":11,"column":1},"end":{"line":11,"column":25}},"5":{"start":{"line":12,"column":1},"end":{"line":12,"column":21}},"6":{"start":{"line":13,"column":1},"end":{"line":13,"column":24}},"7":{"start":{"line":15,"column":17},"end":{"line":16,"column":27}},"8":{"start":{"line":16,"column":20},"end":{"line":16,"column":26}},"9":{"start":{"line":18,"column":25},"end":{"line":18,"column":38}},"10":{"start":{"line":20,"column":1},"end":{"line":20,"column":23}},"11":{"start":{"line":24,"column":0},"end":{"line":32,"column":1}},"12":{"start":{"line":26,"column":17},"end":{"line":27,"column":23}},"13":{"start":{"line":27,"column":18},"end":{"line":27,"column":22}},"14":{"start":{"line":29,"column":14},"end":{"line":29,"column":27}},"15":{"start":{"line":31,"column":1},"end":{"line":31,"column":12}},"16":{"start":{"line":35,"column":0},"end":{"line":47,"column":1}},"17":{"start":{"line":39,"column":17},"end":{"line":40,"column":29}},"18":{"start":{"line":40,"column":21},"end":{"line":40,"column":28}},"19":{"start":{"line":43,"column":21},"end":{"line":43,"column":34}},"20":{"start":{"line":46,"column":1},"end":{"line":46,"column":19}},"21":{"start":{"line":50,"column":0},"end":{"line":58,"column":1}},"22":{"start":{"line":52,"column":20},"end":{"line":53,"column":23}},"23":{"start":{"line":53,"column":18},"end":{"line":53,"column":22}},"24":{"start":{"line":55,"column":28},"end":{"line":55,"column":44}},"25":{"start":{"line":57,"column":1},"end":{"line":57,"column":26}},"26":{"start":{"line":61,"column":0},"end":{"line":69,"column":1}},"27":{"start":{"line":63,"column":20},"end":{"line":64,"column":23}},"28":{"start":{"line":64,"column":18},"end":{"line":64,"column":22}},"29":{"start":{"line":66,"column":28},"end":{"line":66,"column":44}},"30":{"start":{"line":68,"column":1},"end":{"line":68,"column":26}}},"fnMap":{"0":{"name":"(anonymous_0)","decl":{"start":{"line":9,"column":14},"end":{"line":9,"column":15}},"loc":{"start":{"line":9,"column":35},"end":{"line":21,"column":1}},"line":9},"1":{"name":"(anonymous_1)","decl":{"start":{"line":16,"column":8},"end":{"line":16,"column":9}},"loc":{"start":{"line":16,"column":20},"end":{"line":16,"column":26}},"line":16},"2":{"name":"(anonymous_2)","decl":{"start":{"line":24,"column":18},"end":{"line":24,"column":19}},"loc":{"start":{"line":24,"column":35},"end":{"line":32,"column":1}},"line":24},"3":{"name":"(anonymous_3)","decl":{"start":{"line":27,"column":8},"end":{"line":27,"column":9}},"loc":{"start":{"line":27,"column":18},"end":{"line":27,"column":22}},"line":27},"4":{"name":"(anonymous_4)","decl":{"start":{"line":35,"column":17},"end":{"line":35,"column":18}},"loc":{"start":{"line":35,"column":39},"end":{"line":47,"column":1}},"line":35},"5":{"name":"(anonymous_5)","decl":{"start":{"line":40,"column":8},"end":{"line":40,"column":9}},"loc":{"start":{"line":40,"column":21},"end":{"line":40,"column":28}},"line":40},"6":{"name":"(anonymous_6)","decl":{"start":{"line":50,"column":17},"end":{"line":50,"column":18}},"loc":{"start":{"line":50,"column":56},"end":{"line":58,"column":1}},"line":50},"7":{"name":"(anonymous_7)","decl":{"start":{"line":53,"column":8},"end":{"line":53,"column":9}},"loc":{"start":{"line":53,"column":18},"end":{"line":53,"column":22}},"line":53},"8":{"name":"(anonymous_8)","decl":{"start":{"line":61,"column":17},"end":{"line":61,"column":18}},"loc":{"start":{"line":61,"column":34},"end":{"line":69,"column":1}},"line":61},"9":{"name":"(anonymous_9)","decl":{"start":{"line":64,"column":8},"end":{"line":64,"column":9}},"loc":{"start":{"line":64,"column":18},"end":{"line":64,"column":22}},"line":64}},"branchMap":{},"s":{"0":3,"1":3,"2":3,"3":3,"4":1,"5":1,"6":1,"7":1,"8":1,"9":1,"10":1,"11":3,"12":1,"13":1,"14":1,"15":1,"16":3,"17":1,"18":1,"19":1,"20":1,"21":3,"22":1,"23":1,"24":1,"25":1,"26":3,"27":1,"28":1,"29":1,"30":1},"f":{"0":1,"1":1,"2":1,"3":1,"4":1,"5":1,"6":1,"7":1,"8":1,"9":1},"b":{},"_coverageSchema":"332fd63041d2c1bcb487cc26dd0d5f7d97098a6c","hash":"4a1a49ecc63863ca27d217f1e48d3f67575cc1f6"}
,"/home/genaro/Desktop/340CT/bedenkog-local-news-users/modules/users-db.js": {"path":"/home/genaro/Desktop/340CT/bedenkog-local-news-users/modules/users-db.js","statementMap":{"0":{"start":{"line":4,"column":20},"end":{"line":4,"column":50}},"1":{"start":{"line":5,"column":16},"end":{"line":5,"column":34}},"2":{"start":{"line":7,"column":21},"end":{"line":7,"column":41}},"3":{"start":{"line":10,"column":0},"end":{"line":26,"column":2}},"4":{"start":{"line":10,"column":80},"end":{"line":26,"column":2}},"5":{"start":{"line":12,"column":1},"end":{"line":12,"column":105}},"6":{"start":{"line":16,"column":1},"end":{"line":25,"column":3}},"7":{"start":{"line":18,"column":14},"end":{"line":18,"column":33}},"8":{"start":{"line":20,"column":2},"end":{"line":24,"column":4}},"9":{"start":{"line":21,"column":3},"end":{"line":21,"column":108}},"10":{"start":{"line":22,"column":3},"end":{"line":22,"column":13}},"11":{"start":{"line":23,"column":3},"end":{"line":23,"column":16}},"12":{"start":{"line":29,"column":0},"end":{"line":45,"column":2}},"13":{"start":{"line":29,"column":77},"end":{"line":45,"column":2}},"14":{"start":{"line":33,"column":1},"end":{"line":44,"column":3}},"15":{"start":{"line":36,"column":14},"end":{"line":36,"column":33}},"16":{"start":{"line":40,"column":2},"end":{"line":43,"column":4}},"17":{"start":{"line":41,"column":3},"end":{"line":41,"column":13}},"18":{"start":{"line":42,"column":3},"end":{"line":42,"column":18}},"19":{"start":{"line":49,"column":0},"end":{"line":60,"column":2}},"20":{"start":{"line":49,"column":81},"end":{"line":60,"column":2}},"21":{"start":{"line":51,"column":1},"end":{"line":59,"column":3}},"22":{"start":{"line":53,"column":14},"end":{"line":53,"column":33}},"23":{"start":{"line":55,"column":2},"end":{"line":58,"column":4}},"24":{"start":{"line":56,"column":3},"end":{"line":56,"column":13}},"25":{"start":{"line":57,"column":3},"end":{"line":57,"column":18}},"26":{"start":{"line":63,"column":0},"end":{"line":77,"column":2}},"27":{"start":{"line":63,"column":87},"end":{"line":77,"column":2}},"28":{"start":{"line":67,"column":1},"end":{"line":76,"column":3}},"29":{"start":{"line":69,"column":14},"end":{"line":69,"column":33}},"30":{"start":{"line":71,"column":2},"end":{"line":75,"column":4}},"31":{"start":{"line":72,"column":3},"end":{"line":72,"column":70}},"32":{"start":{"line":73,"column":3},"end":{"line":73,"column":13}},"33":{"start":{"line":74,"column":3},"end":{"line":74,"column":16}},"34":{"start":{"line":80,"column":0},"end":{"line":94,"column":2}},"35":{"start":{"line":80,"column":70},"end":{"line":94,"column":2}},"36":{"start":{"line":84,"column":1},"end":{"line":93,"column":3}},"37":{"start":{"line":86,"column":14},"end":{"line":86,"column":33}},"38":{"start":{"line":88,"column":2},"end":{"line":92,"column":4}},"39":{"start":{"line":89,"column":3},"end":{"line":89,"column":70}},"40":{"start":{"line":90,"column":3},"end":{"line":90,"column":13}},"41":{"start":{"line":91,"column":3},"end":{"line":91,"column":16}},"42":{"start":{"line":97,"column":0},"end":{"line":108,"column":2}},"43":{"start":{"line":97,"column":86},"end":{"line":108,"column":2}},"44":{"start":{"line":99,"column":1},"end":{"line":107,"column":3}},"45":{"start":{"line":101,"column":14},"end":{"line":101,"column":33}},"46":{"start":{"line":103,"column":2},"end":{"line":106,"column":4}},"47":{"start":{"line":104,"column":3},"end":{"line":104,"column":13}},"48":{"start":{"line":105,"column":3},"end":{"line":105,"column":18}}},"fnMap":{"0":{"name":"(anonymous_0)","decl":{"start":{"line":10,"column":34},"end":{"line":10,"column":35}},"loc":{"start":{"line":10,"column":80},"end":{"line":26,"column":2}},"line":10},"1":{"name":"(anonymous_1)","decl":{"start":{"line":10,"column":92},"end":{"line":10,"column":93}},"loc":{"start":{"line":10,"column":113},"end":{"line":26,"column":1}},"line":10},"2":{"name":"(anonymous_2)","decl":{"start":{"line":16,"column":34},"end":{"line":16,"column":35}},"loc":{"start":{"line":16,"column":47},"end":{"line":25,"column":2}},"line":16},"3":{"name":"(anonymous_3)","decl":{"start":{"line":20,"column":56},"end":{"line":20,"column":57}},"loc":{"start":{"line":20,"column":70},"end":{"line":24,"column":3}},"line":20},"4":{"name":"(anonymous_4)","decl":{"start":{"line":29,"column":31},"end":{"line":29,"column":32}},"loc":{"start":{"line":29,"column":77},"end":{"line":45,"column":2}},"line":29},"5":{"name":"(anonymous_5)","decl":{"start":{"line":29,"column":89},"end":{"line":29,"column":90}},"loc":{"start":{"line":29,"column":110},"end":{"line":45,"column":1}},"line":29},"6":{"name":"(anonymous_6)","decl":{"start":{"line":33,"column":34},"end":{"line":33,"column":35}},"loc":{"start":{"line":33,"column":47},"end":{"line":44,"column":2}},"line":33},"7":{"name":"(anonymous_7)","decl":{"start":{"line":40,"column":59},"end":{"line":40,"column":60}},"loc":{"start":{"line":40,"column":76},"end":{"line":43,"column":3}},"line":40},"8":{"name":"(anonymous_8)","decl":{"start":{"line":49,"column":36},"end":{"line":49,"column":37}},"loc":{"start":{"line":49,"column":81},"end":{"line":60,"column":2}},"line":49},"9":{"name":"(anonymous_9)","decl":{"start":{"line":49,"column":93},"end":{"line":49,"column":94}},"loc":{"start":{"line":49,"column":114},"end":{"line":60,"column":1}},"line":49},"10":{"name":"(anonymous_10)","decl":{"start":{"line":51,"column":34},"end":{"line":51,"column":35}},"loc":{"start":{"line":51,"column":47},"end":{"line":59,"column":2}},"line":51},"11":{"name":"(anonymous_11)","decl":{"start":{"line":55,"column":84},"end":{"line":55,"column":85}},"loc":{"start":{"line":55,"column":101},"end":{"line":58,"column":3}},"line":55},"12":{"name":"(anonymous_12)","decl":{"start":{"line":63,"column":25},"end":{"line":63,"column":26}},"loc":{"start":{"line":63,"column":87},"end":{"line":77,"column":2}},"line":63},"13":{"name":"(anonymous_13)","decl":{"start":{"line":63,"column":99},"end":{"line":63,"column":100}},"loc":{"start":{"line":63,"column":120},"end":{"line":77,"column":1}},"line":63},"14":{"name":"(anonymous_14)","decl":{"start":{"line":67,"column":34},"end":{"line":67,"column":35}},"loc":{"start":{"line":67,"column":47},"end":{"line":76,"column":2}},"line":67},"15":{"name":"(anonymous_15)","decl":{"start":{"line":71,"column":109},"end":{"line":71,"column":110}},"loc":{"start":{"line":71,"column":123},"end":{"line":75,"column":3}},"line":71},"16":{"name":"(anonymous_16)","decl":{"start":{"line":80,"column":25},"end":{"line":80,"column":26}},"loc":{"start":{"line":80,"column":70},"end":{"line":94,"column":2}},"line":80},"17":{"name":"(anonymous_17)","decl":{"start":{"line":80,"column":82},"end":{"line":80,"column":83}},"loc":{"start":{"line":80,"column":103},"end":{"line":94,"column":1}},"line":80},"18":{"name":"(anonymous_18)","decl":{"start":{"line":84,"column":34},"end":{"line":84,"column":35}},"loc":{"start":{"line":84,"column":47},"end":{"line":93,"column":2}},"line":84},"19":{"name":"(anonymous_19)","decl":{"start":{"line":88,"column":84},"end":{"line":88,"column":85}},"loc":{"start":{"line":88,"column":98},"end":{"line":92,"column":3}},"line":88},"20":{"name":"(anonymous_20)","decl":{"start":{"line":97,"column":37},"end":{"line":97,"column":38}},"loc":{"start":{"line":97,"column":86},"end":{"line":108,"column":2}},"line":97},"21":{"name":"(anonymous_21)","decl":{"start":{"line":97,"column":98},"end":{"line":97,"column":99}},"loc":{"start":{"line":97,"column":119},"end":{"line":108,"column":1}},"line":97},"22":{"name":"(anonymous_22)","decl":{"start":{"line":99,"column":34},"end":{"line":99,"column":35}},"loc":{"start":{"line":99,"column":47},"end":{"line":107,"column":2}},"line":99},"23":{"name":"(anonymous_23)","decl":{"start":{"line":103,"column":62},"end":{"line":103,"column":63}},"loc":{"start":{"line":103,"column":79},"end":{"line":106,"column":3}},"line":103}},"branchMap":{},"s":{"0":4,"1":4,"2":4,"3":4,"4":5,"5":5,"6":5,"7":5,"8":5,"9":5,"10":5,"11":5,"12":4,"13":1,"14":1,"15":1,"16":1,"17":1,"18":1,"19":4,"20":1,"21":1,"22":1,"23":1,"24":1,"25":1,"26":4,"27":1,"28":1,"29":1,"30":1,"31":1,"32":1,"33":1,"34":4,"35":6,"36":6,"37":5,"38":5,"39":5,"40":5,"41":5,"42":4,"43":6,"44":6,"45":6,"46":6,"47":6,"48":6},"f":{"0":5,"1":5,"2":5,"3":5,"4":1,"5":1,"6":1,"7":1,"8":1,"9":1,"10":1,"11":1,"12":1,"13":1,"14":1,"15":1,"16":6,"17":6,"18":5,"19":5,"20":6,"21":6,"22":6,"23":6},"b":{},"_coverageSchema":"332fd63041d2c1bcb487cc26dd0d5f7d97098a6c","hash":"d443b30f545e33f2a2e53bb41a009ed701a57ab2"}
}
