TN:
SF:/home/genaro/Desktop/340CT/bedenkog-local-news-users/users-api.js
FN:28,(anonymous_0)
FN:35,(anonymous_1)
FN:49,(anonymous_2)
FN:80,(anonymous_3)
FN:94,(anonymous_4)
FN:108,(anonymous_5)
FN:122,(anonymous_6)
FN:140,(anonymous_7)
FNF:8
FNH:8
FNDA:12,(anonymous_0)
FNDA:2,(anonymous_1)
FNDA:2,(anonymous_2)
FNDA:2,(anonymous_3)
FNDA:2,(anonymous_4)
FNDA:2,(anonymous_5)
FNDA:2,(anonymous_6)
FNDA:1,(anonymous_7)
DA:5,1
DA:8,1
DA:9,1
DA:10,1
DA:13,1
DA:14,1
DA:15,1
DA:18,1
DA:21,1
DA:24,1
DA:25,1
DA:28,1
DA:29,12
DA:30,12
DA:31,12
DA:35,1
DA:38,2
DA:41,2
DA:44,2
DA:45,2
DA:49,1
DA:54,2
DA:57,2
DA:60,2
DA:62,2
DA:65,1
DA:66,1
DA:71,1
DA:72,1
DA:75,2
DA:76,2
DA:80,1
DA:83,2
DA:86,2
DA:89,2
DA:90,2
DA:94,1
DA:97,2
DA:100,2
DA:103,2
DA:104,2
DA:108,1
DA:111,2
DA:114,2
DA:117,2
DA:118,2
DA:122,1
DA:125,2
DA:128,2
DA:131,2
DA:132,2
DA:136,1
DA:137,1
DA:140,1
DA:143,1
LF:55
LH:55
BRDA:62,0,0,1
BRDA:62,0,1,1
BRF:2
BRH:2
end_of_record
TN:
SF:/home/genaro/Desktop/340CT/bedenkog-local-news-users/modules/authentication.js
FN:8,(anonymous_0)
FNF:1
FNH:1
FNDA:1,(anonymous_0)
DA:3,2
DA:6,2
DA:8,2
DA:11,1
DA:14,1
DA:17,1
DA:20,1
LF:7
LH:7
BRF:0
BRH:0
end_of_record
TN:
SF:/home/genaro/Desktop/340CT/bedenkog-local-news-users/modules/users-controller.js
FN:9,(anonymous_0)
FN:16,(anonymous_1)
FN:24,(anonymous_2)
FN:27,(anonymous_3)
FN:35,(anonymous_4)
FN:40,(anonymous_5)
FN:50,(anonymous_6)
FN:53,(anonymous_7)
FN:61,(anonymous_8)
FN:64,(anonymous_9)
FNF:10
FNH:10
FNDA:1,(anonymous_0)
FNDA:1,(anonymous_1)
FNDA:1,(anonymous_2)
FNDA:1,(anonymous_3)
FNDA:1,(anonymous_4)
FNDA:1,(anonymous_5)
FNDA:1,(anonymous_6)
FNDA:1,(anonymous_7)
FNDA:1,(anonymous_8)
FNDA:1,(anonymous_9)
DA:3,3
DA:4,3
DA:6,3
DA:9,3
DA:11,1
DA:12,1
DA:13,1
DA:15,1
DA:16,1
DA:18,1
DA:20,1
DA:24,3
DA:26,1
DA:27,1
DA:29,1
DA:31,1
DA:35,3
DA:39,1
DA:40,1
DA:43,1
DA:46,1
DA:50,3
DA:52,1
DA:53,1
DA:55,1
DA:57,1
DA:61,3
DA:63,1
DA:64,1
DA:66,1
DA:68,1
LF:31
LH:31
BRF:0
BRH:0
end_of_record
TN:
SF:/home/genaro/Desktop/340CT/bedenkog-local-news-users/modules/users-db.js
FN:10,(anonymous_0)
FN:10,(anonymous_1)
FN:16,(anonymous_2)
FN:20,(anonymous_3)
FN:29,(anonymous_4)
FN:29,(anonymous_5)
FN:33,(anonymous_6)
FN:40,(anonymous_7)
FN:49,(anonymous_8)
FN:49,(anonymous_9)
FN:51,(anonymous_10)
FN:55,(anonymous_11)
FN:63,(anonymous_12)
FN:63,(anonymous_13)
FN:67,(anonymous_14)
FN:71,(anonymous_15)
FN:80,(anonymous_16)
FN:80,(anonymous_17)
FN:84,(anonymous_18)
FN:88,(anonymous_19)
FN:97,(anonymous_20)
FN:97,(anonymous_21)
FN:99,(anonymous_22)
FN:103,(anonymous_23)
FNF:24
FNH:24
FNDA:5,(anonymous_0)
FNDA:5,(anonymous_1)
FNDA:5,(anonymous_2)
FNDA:5,(anonymous_3)
FNDA:1,(anonymous_4)
FNDA:1,(anonymous_5)
FNDA:1,(anonymous_6)
FNDA:1,(anonymous_7)
FNDA:1,(anonymous_8)
FNDA:1,(anonymous_9)
FNDA:1,(anonymous_10)
FNDA:1,(anonymous_11)
FNDA:1,(anonymous_12)
FNDA:1,(anonymous_13)
FNDA:1,(anonymous_14)
FNDA:1,(anonymous_15)
FNDA:6,(anonymous_16)
FNDA:6,(anonymous_17)
FNDA:5,(anonymous_18)
FNDA:5,(anonymous_19)
FNDA:6,(anonymous_20)
FNDA:6,(anonymous_21)
FNDA:6,(anonymous_22)
FNDA:6,(anonymous_23)
DA:4,4
DA:5,4
DA:7,4
DA:10,5
DA:12,5
DA:16,5
DA:18,5
DA:20,5
DA:21,5
DA:22,5
DA:23,5
DA:29,4
DA:33,1
DA:36,1
DA:40,1
DA:41,1
DA:42,1
DA:49,4
DA:51,1
DA:53,1
DA:55,1
DA:56,1
DA:57,1
DA:63,4
DA:67,1
DA:69,1
DA:71,1
DA:72,1
DA:73,1
DA:74,1
DA:80,6
DA:84,6
DA:86,5
DA:88,5
DA:89,5
DA:90,5
DA:91,5
DA:97,6
DA:99,6
DA:101,6
DA:103,6
DA:104,6
DA:105,6
LF:43
LH:43
BRF:0
BRH:0
end_of_record
