TN:
SF:/home/genaro/Desktop/340CT/bedenkog-local-news-users/users-api.js
FN:28,(anonymous_0)
FN:35,(anonymous_1)
FN:49,(anonymous_2)
FN:80,(anonymous_3)
FN:94,(anonymous_4)
FN:114,(anonymous_5)
FN:133,(anonymous_6)
FN:156,(anonymous_7)
FNF:8
FNH:8
FNDA:17,(anonymous_0)
FNDA:3,(anonymous_1)
FNDA:2,(anonymous_2)
FNDA:3,(anonymous_3)
FNDA:3,(anonymous_4)
FNDA:3,(anonymous_5)
FNDA:3,(anonymous_6)
FNDA:1,(anonymous_7)
DA:5,1
DA:8,1
DA:9,1
DA:10,1
DA:13,1
DA:14,1
DA:15,1
DA:18,1
DA:21,1
DA:24,1
DA:25,1
DA:28,1
DA:29,17
DA:30,17
DA:31,17
DA:35,1
DA:38,3
DA:41,3
DA:44,3
DA:45,3
DA:49,1
DA:54,2
DA:57,2
DA:60,2
DA:62,2
DA:65,1
DA:66,1
DA:71,1
DA:72,1
DA:75,2
DA:76,2
DA:80,1
DA:83,3
DA:86,3
DA:89,3
DA:90,3
DA:94,1
DA:97,3
DA:100,3
DA:102,3
DA:104,2
DA:105,2
DA:108,1
DA:109,1
DA:114,1
DA:117,3
DA:120,3
DA:122,3
DA:124,2
DA:125,2
DA:127,1
DA:128,1
DA:133,1
DA:136,3
DA:139,3
DA:141,3
DA:143,2
DA:144,2
DA:146,1
DA:147,1
DA:152,1
DA:153,1
DA:156,1
DA:159,1
LF:64
LH:64
BRDA:62,0,0,1
BRDA:62,0,1,1
BRDA:102,1,0,2
BRDA:102,1,1,1
BRDA:122,2,0,2
BRDA:122,2,1,1
BRDA:141,3,0,2
BRDA:141,3,1,1
BRF:8
BRH:8
end_of_record
TN:
SF:/home/genaro/Desktop/340CT/bedenkog-local-news-users/modules/authentication.js
FN:8,(anonymous_0)
FNF:1
FNH:1
FNDA:1,(anonymous_0)
DA:3,2
DA:6,2
DA:8,2
DA:11,1
DA:14,1
DA:17,1
DA:20,1
LF:7
LH:7
BRF:0
BRH:0
end_of_record
TN:
SF:/home/genaro/Desktop/340CT/bedenkog-local-news-users/modules/users-controller.js
FN:9,(anonymous_0)
FN:16,(anonymous_1)
FN:17,(anonymous_2)
FN:25,(anonymous_3)
FN:28,(anonymous_4)
FN:29,(anonymous_5)
FN:37,(anonymous_6)
FN:42,(anonymous_7)
FN:52,(anonymous_8)
FN:55,(anonymous_9)
FN:56,(anonymous_10)
FN:64,(anonymous_11)
FN:67,(anonymous_12)
FN:68,(anonymous_13)
FNF:14
FNH:14
FNDA:2,(anonymous_0)
FNDA:1,(anonymous_1)
FNDA:1,(anonymous_2)
FNDA:2,(anonymous_3)
FNDA:1,(anonymous_4)
FNDA:1,(anonymous_5)
FNDA:1,(anonymous_6)
FNDA:1,(anonymous_7)
FNDA:3,(anonymous_8)
FNDA:1,(anonymous_9)
FNDA:2,(anonymous_10)
FNDA:2,(anonymous_11)
FNDA:1,(anonymous_12)
FNDA:1,(anonymous_13)
DA:3,3
DA:4,3
DA:6,3
DA:9,3
DA:11,2
DA:12,2
DA:13,2
DA:15,2
DA:16,1
DA:17,1
DA:19,2
DA:21,2
DA:25,3
DA:27,2
DA:28,1
DA:29,1
DA:31,2
DA:33,2
DA:37,3
DA:41,1
DA:42,1
DA:45,1
DA:48,1
DA:52,3
DA:54,3
DA:55,1
DA:56,2
DA:58,3
DA:60,3
DA:64,3
DA:66,2
DA:67,1
DA:68,1
DA:70,2
DA:72,2
LF:35
LH:35
BRF:0
BRH:0
end_of_record
TN:
SF:/home/genaro/Desktop/340CT/bedenkog-local-news-users/modules/users-db.js
FN:10,(anonymous_0)
FN:10,(anonymous_1)
FN:16,(anonymous_2)
FN:23,(anonymous_3)
FN:36,(anonymous_4)
FN:36,(anonymous_5)
FN:40,(anonymous_6)
FN:50,(anonymous_7)
FN:63,(anonymous_8)
FN:63,(anonymous_9)
FN:65,(anonymous_10)
FN:72,(anonymous_11)
FN:84,(anonymous_12)
FN:84,(anonymous_13)
FN:88,(anonymous_14)
FN:95,(anonymous_15)
FN:108,(anonymous_16)
FN:108,(anonymous_17)
FN:112,(anonymous_18)
FN:119,(anonymous_19)
FN:132,(anonymous_20)
FN:132,(anonymous_21)
FN:134,(anonymous_22)
FN:138,(anonymous_23)
FNF:24
FNH:24
FNDA:6,(anonymous_0)
FNDA:6,(anonymous_1)
FNDA:6,(anonymous_2)
FNDA:5,(anonymous_3)
FNDA:2,(anonymous_4)
FNDA:2,(anonymous_5)
FNDA:2,(anonymous_6)
FNDA:1,(anonymous_7)
FNDA:2,(anonymous_8)
FNDA:2,(anonymous_9)
FNDA:2,(anonymous_10)
FNDA:1,(anonymous_11)
FNDA:2,(anonymous_12)
FNDA:2,(anonymous_13)
FNDA:2,(anonymous_14)
FNDA:1,(anonymous_15)
FNDA:7,(anonymous_16)
FNDA:7,(anonymous_17)
FNDA:7,(anonymous_18)
FNDA:6,(anonymous_19)
FNDA:6,(anonymous_20)
FNDA:6,(anonymous_21)
FNDA:6,(anonymous_22)
FNDA:6,(anonymous_23)
DA:4,4
DA:5,4
DA:7,4
DA:10,6
DA:12,6
DA:16,6
DA:18,6
DA:20,6
DA:21,6
DA:23,5
DA:24,5
DA:25,5
DA:26,5
DA:30,1
DA:36,4
DA:40,2
DA:42,2
DA:44,2
DA:46,2
DA:50,1
DA:51,1
DA:52,1
DA:56,1
DA:63,4
DA:65,2
DA:67,2
DA:69,2
DA:70,2
DA:72,1
DA:73,1
DA:74,1
DA:78,1
DA:84,4
DA:88,2
DA:90,2
DA:92,2
DA:93,2
DA:95,1
DA:96,1
DA:97,1
DA:98,1
DA:102,1
DA:108,7
DA:112,7
DA:114,7
DA:116,7
DA:117,7
DA:119,6
DA:120,6
DA:121,6
DA:122,6
DA:126,1
DA:132,6
DA:134,6
DA:136,6
DA:138,6
DA:139,6
DA:140,6
LF:58
LH:58
BRDA:18,0,0,1
BRDA:18,0,1,5
BRDA:42,1,0,1
BRDA:42,1,1,1
BRDA:67,2,0,1
BRDA:67,2,1,1
BRDA:90,3,0,1
BRDA:90,3,1,1
BRDA:114,4,0,1
BRDA:114,4,1,6
BRF:10
BRH:10
end_of_record
